<?xml version="1.0" encoding="UTF-8"?>
<!-- Generated by org.testng.reporters.JUnitXMLReporter -->
<testsuite hostname="localhost" ignored="0" name="用户管理系统测试用例" tests="7" failures="0" timestamp="07 四月 2018 14:38:36 GMT" time="16.089" errors="0">
  <testcase name="loginTrue" time="0.721" classname="com.course.cases.LoginTest"/>
  <testcase name="loginFalse" time="0.043" classname="com.course.cases.LoginTest"/>
  <testcase name="addUser" time="5.061" classname="com.course.cases.AddUserTest"/>
  <testcase name="getUserInfo" time="0.045" classname="com.course.cases.GetUserInfoTest"/>
  <testcase name="updateUserInfo" time="5.066" classname="com.course.cases.UpdateUserInfoTest"/>
  <testcase name="deleteUser" time="5.043" classname="com.course.cases.UpdateUserInfoTest"/>
  <testcase name="getUserListInfo" time="0.038" classname="com.course.cases.GetUserInfoListTest"/>
</testsuite> <!-- 用户管理系统测试用例 -->
